2010/03/28 00:33:58 [error] [exception.CDbException] exception 'CDbException' with message 'CDbConnection failed to open the DB connection: SQLSTATE[28000] [1045] Access denied for user 'root'@'localhost' (using password: NO)' in /var/www/yii-1.1.1.r1907/framework/db/CDbConnection.php:267
Stack trace:
#0 /var/www/yii-1.1.1.r1907/framework/db/CDbConnection.php(242): CDbConnection->open()
#1 /var/www/yii-1.1.1.r1907/framework/db/CDbConnection.php(221): CDbConnection->setActive(true)
#2 /var/www/yii-1.1.1.r1907/framework/base/CModule.php(352): CDbConnection->init()
#3 /var/www/yii-1.1.1.r1907/framework/base/CModule.php(86): CModule->getComponent('db')
#4 /var/www/yiithemes/protected/modules/user/views/install/start.php(16): CModule->__get('db')
#5 /var/www/yii-1.1.1.r1907/framework/web/CBaseController.php(119): require('/var/www/yiithe...')
#6 /var/www/yii-1.1.1.r1907/framework/web/CBaseController.php(88): CBaseController->renderInternal('/var/www/yiithe...', NULL, true)
#7 /var/www/yii-1.1.1.r1907/framework/web/CController.php(742): CBaseController->renderFile('/var/www/yiithe...', NULL, true)
#8 /var/www/yii-1.1.1.r1907/framework/web/CController.php(681): CController->renderPartial('start', NULL, true)
#9 /var/www/yiithemes/protected/modules/user/controllers/InstallController.php(154): CController->render('start')
#10 /var/www/yiithemes/protected/modules/user/controllers/InstallController.php(163): InstallController->actionInstall()
#11 /var/www/yii-1.1.1.r1907/framework/web/actions/CInlineAction.php(32): InstallController->actionIndex()
#12 /var/www/yii-1.1.1.r1907/framework/web/CController.php(300): CInlineAction->run()
#13 /var/www/yii-1.1.1.r1907/framework/web/CController.php(278): CController->runAction(Object(CInlineAction))
#14 /var/www/yii-1.1.1.r1907/framework/web/CController.php(257): CController->runActionWithFilters(Object(CInlineAction), Array)
#15 /var/www/yii-1.1.1.r1907/framework/web/CWebApplication.php(320): CController->run('')
#16 /var/www/yii-1.1.1.r1907/framework/web/CWebApplication.php(120): CWebApplication->runController('user/install')
#17 /var/www/yii-1.1.1.r1907/framework/base/CApplication.php(135): CWebApplication->processRequest()
#18 /var/www/yiithemes/index.php(12): CApplication->run()
#19 {main} REQUEST_URI=/?r=user/install
2010/03/28 00:34:33 [error] [exception.CDbException] exception 'CDbException' with message 'CDbConnection failed to open the DB connection: SQLSTATE[42000] [1049] Unknown database 'testdrive'' in /var/www/yii-1.1.1.r1907/framework/db/CDbConnection.php:267
Stack trace:
#0 /var/www/yii-1.1.1.r1907/framework/db/CDbConnection.php(242): CDbConnection->open()
#1 /var/www/yii-1.1.1.r1907/framework/db/CDbConnection.php(221): CDbConnection->setActive(true)
#2 /var/www/yii-1.1.1.r1907/framework/base/CModule.php(352): CDbConnection->init()
#3 /var/www/yii-1.1.1.r1907/framework/base/CModule.php(86): CModule->getComponent('db')
#4 /var/www/yiithemes/protected/modules/user/views/install/start.php(16): CModule->__get('db')
#5 /var/www/yii-1.1.1.r1907/framework/web/CBaseController.php(119): require('/var/www/yiithe...')
#6 /var/www/yii-1.1.1.r1907/framework/web/CBaseController.php(88): CBaseController->renderInternal('/var/www/yiithe...', NULL, true)
#7 /var/www/yii-1.1.1.r1907/framework/web/CController.php(742): CBaseController->renderFile('/var/www/yiithe...', NULL, true)
#8 /var/www/yii-1.1.1.r1907/framework/web/CController.php(681): CController->renderPartial('start', NULL, true)
#9 /var/www/yiithemes/protected/modules/user/controllers/InstallController.php(154): CController->render('start')
#10 /var/www/yiithemes/protected/modules/user/controllers/InstallController.php(163): InstallController->actionInstall()
#11 /var/www/yii-1.1.1.r1907/framework/web/actions/CInlineAction.php(32): InstallController->actionIndex()
#12 /var/www/yii-1.1.1.r1907/framework/web/CController.php(300): CInlineAction->run()
#13 /var/www/yii-1.1.1.r1907/framework/web/CController.php(278): CController->runAction(Object(CInlineAction))
#14 /var/www/yii-1.1.1.r1907/framework/web/CController.php(257): CController->runActionWithFilters(Object(CInlineAction), Array)
#15 /var/www/yii-1.1.1.r1907/framework/web/CWebApplication.php(320): CController->run('')
#16 /var/www/yii-1.1.1.r1907/framework/web/CWebApplication.php(120): CWebApplication->runController('user/install')
#17 /var/www/yii-1.1.1.r1907/framework/base/CApplication.php(135): CWebApplication->processRequest()
#18 /var/www/yiithemes/index.php(12): CApplication->run()
#19 {main} REQUEST_URI=/?r=user/install
2010/03/28 00:38:19 [error] [exception.CHttpException.404] exception 'CHttpException' with message 'The requested User does not exist.' in /var/www/yiithemes/protected/modules/user/controllers/UserController.php:473
Stack trace:
#0 /var/www/yiithemes/protected/modules/user/controllers/UserController.php(287): UserController->loadUser('admin')
#1 /var/www/yii-1.1.1.r1907/framework/web/actions/CInlineAction.php(32): UserController->actionProfile()
#2 /var/www/yii-1.1.1.r1907/framework/web/CController.php(300): CInlineAction->run()
#3 /var/www/yii-1.1.1.r1907/framework/web/filters/CFilterChain.php(129): CController->runAction(Object(CInlineAction))
#4 /var/www/yii-1.1.1.r1907/framework/web/filters/CFilter.php(41): CFilterChain->run()
#5 /var/www/yii-1.1.1.r1907/framework/web/CController.php(993): CFilter->filter(Object(CFilterChain))
#6 /var/www/yii-1.1.1.r1907/framework/web/filters/CInlineFilter.php(59): CController->filterAccessControl(Object(CFilterChain))
#7 /var/www/yii-1.1.1.r1907/framework/web/filters/CFilterChain.php(126): CInlineFilter->filter(Object(CFilterChain))
#8 /var/www/yii-1.1.1.r1907/framework/web/CController.php(283): CFilterChain->run()
#9 /var/www/yii-1.1.1.r1907/framework/web/CController.php(257): CController->runActionWithFilters(Object(CInlineAction), Array)
#10 /var/www/yii-1.1.1.r1907/framework/web/CWebApplication.php(320): CController->run('profile')
#11 /var/www/yii-1.1.1.r1907/framework/web/CWebApplication.php(120): CWebApplication->runController('user/user/profi...')
#12 /var/www/yii-1.1.1.r1907/framework/base/CApplication.php(135): CWebApplication->processRequest()
#13 /var/www/yiithemes/index.php(12): CApplication->run()
#14 {main} REQUEST_URI=/index.php?r=user/user/profile
2010/03/28 00:38:28 [error] [exception.CException] exception 'CException' with message 'CWebUser does not have a method named "isAdmin".' in /var/www/yii-1.1.1.r1907/framework/base/CComponent.php:237
Stack trace:
#0 [internal function]: CComponent->__call('isAdmin', Array)
#1 /var/www/yiithemes/protected/modules/user/controllers/UserController.php(59): CWebUser->isAdmin()
#2 /var/www/yii-1.1.1.r1907/framework/web/actions/CInlineAction.php(32): UserController->actionIndex()
#3 /var/www/yii-1.1.1.r1907/framework/web/CController.php(300): CInlineAction->run()
#4 /var/www/yii-1.1.1.r1907/framework/web/filters/CFilterChain.php(129): CController->runAction(Object(CInlineAction))
#5 /var/www/yii-1.1.1.r1907/framework/web/filters/CFilter.php(41): CFilterChain->run()
#6 /var/www/yii-1.1.1.r1907/framework/web/CController.php(993): CFilter->filter(Object(CFilterChain))
#7 /var/www/yii-1.1.1.r1907/framework/web/filters/CInlineFilter.php(59): CController->filterAccessControl(Object(CFilterChain))
#8 /var/www/yii-1.1.1.r1907/framework/web/filters/CFilterChain.php(126): CInlineFilter->filter(Object(CFilterChain))
#9 /var/www/yii-1.1.1.r1907/framework/web/CController.php(283): CFilterChain->run()
#10 /var/www/yii-1.1.1.r1907/framework/web/CController.php(257): CController->runActionWithFilters(Object(CInlineAction), Array)
#11 /var/www/yii-1.1.1.r1907/framework/web/CWebApplication.php(320): CController->run('')
#12 /var/www/yii-1.1.1.r1907/framework/web/CWebApplication.php(120): CWebApplication->runController('user/user/')
#13 /var/www/yii-1.1.1.r1907/framework/base/CApplication.php(135): CWebApplication->processRequest()
#14 /var/www/yiithemes/index.php(12): CApplication->run()
#15 {main} REQUEST_URI=/index.php?r=user/user/
2010/03/28 00:38:41 [error] [exception.CHttpException.404] exception 'CHttpException' with message 'The requested User does not exist.' in /var/www/yiithemes/protected/modules/user/controllers/UserController.php:473
Stack trace:
#0 /var/www/yiithemes/protected/modules/user/controllers/UserController.php(287): UserController->loadUser('admin')
#1 /var/www/yii-1.1.1.r1907/framework/web/actions/CInlineAction.php(32): UserController->actionProfile()
#2 /var/www/yii-1.1.1.r1907/framework/web/CController.php(300): CInlineAction->run()
#3 /var/www/yii-1.1.1.r1907/framework/web/filters/CFilterChain.php(129): CController->runAction(Object(CInlineAction))
#4 /var/www/yii-1.1.1.r1907/framework/web/filters/CFilter.php(41): CFilterChain->run()
#5 /var/www/yii-1.1.1.r1907/framework/web/CController.php(993): CFilter->filter(Object(CFilterChain))
#6 /var/www/yii-1.1.1.r1907/framework/web/filters/CInlineFilter.php(59): CController->filterAccessControl(Object(CFilterChain))
#7 /var/www/yii-1.1.1.r1907/framework/web/filters/CFilterChain.php(126): CInlineFilter->filter(Object(CFilterChain))
#8 /var/www/yii-1.1.1.r1907/framework/web/CController.php(283): CFilterChain->run()
#9 /var/www/yii-1.1.1.r1907/framework/web/CController.php(257): CController->runActionWithFilters(Object(CInlineAction), Array)
#10 /var/www/yii-1.1.1.r1907/framework/web/CWebApplication.php(320): CController->run('profile')
#11 /var/www/yii-1.1.1.r1907/framework/web/CWebApplication.php(120): CWebApplication->runController('user/user/profi...')
#12 /var/www/yii-1.1.1.r1907/framework/base/CApplication.php(135): CWebApplication->processRequest()
#13 /var/www/yiithemes/index.php(12): CApplication->run()
#14 {main} REQUEST_URI=/index.php?r=user/user/profile
2010/03/28 00:38:53 [error] [exception.CException] exception 'CException' with message 'CWebUser does not have a method named "isAdmin".' in /var/www/yii-1.1.1.r1907/framework/base/CComponent.php:237
Stack trace:
#0 [internal function]: CComponent->__call('isAdmin', Array)
#1 /var/www/yiithemes/protected/modules/user/controllers/UserController.php(59): CWebUser->isAdmin()
#2 /var/www/yii-1.1.1.r1907/framework/web/actions/CInlineAction.php(32): UserController->actionIndex()
#3 /var/www/yii-1.1.1.r1907/framework/web/CController.php(300): CInlineAction->run()
#4 /var/www/yii-1.1.1.r1907/framework/web/filters/CFilterChain.php(129): CController->runAction(Object(CInlineAction))
#5 /var/www/yii-1.1.1.r1907/framework/web/filters/CFilter.php(41): CFilterChain->run()
#6 /var/www/yii-1.1.1.r1907/framework/web/CController.php(993): CFilter->filter(Object(CFilterChain))
#7 /var/www/yii-1.1.1.r1907/framework/web/filters/CInlineFilter.php(59): CController->filterAccessControl(Object(CFilterChain))
#8 /var/www/yii-1.1.1.r1907/framework/web/filters/CFilterChain.php(126): CInlineFilter->filter(Object(CFilterChain))
#9 /var/www/yii-1.1.1.r1907/framework/web/CController.php(283): CFilterChain->run()
#10 /var/www/yii-1.1.1.r1907/framework/web/CController.php(257): CController->runActionWithFilters(Object(CInlineAction), Array)
#11 /var/www/yii-1.1.1.r1907/framework/web/CWebApplication.php(320): CController->run('index')
#12 /var/www/yii-1.1.1.r1907/framework/web/CWebApplication.php(120): CWebApplication->runController('user/user/index')
#13 /var/www/yii-1.1.1.r1907/framework/base/CApplication.php(135): CWebApplication->processRequest()
#14 /var/www/yiithemes/index.php(12): CApplication->run()
#15 {main} REQUEST_URI=/index.php?r=user/user/index
2010/03/28 00:39:33 [error] [exception.CException] exception 'CException' with message 'CWebUser does not have a method named "isAdmin".' in /var/www/yii-1.1.1.r1907/framework/base/CComponent.php:237
Stack trace:
#0 [internal function]: CComponent->__call('isAdmin', Array)
#1 /var/www/yiithemes/protected/modules/user/controllers/UserController.php(59): CWebUser->isAdmin()
#2 /var/www/yii-1.1.1.r1907/framework/web/actions/CInlineAction.php(32): UserController->actionIndex()
#3 /var/www/yii-1.1.1.r1907/framework/web/CController.php(300): CInlineAction->run()
#4 /var/www/yii-1.1.1.r1907/framework/web/filters/CFilterChain.php(129): CController->runAction(Object(CInlineAction))
#5 /var/www/yii-1.1.1.r1907/framework/web/filters/CFilter.php(41): CFilterChain->run()
#6 /var/www/yii-1.1.1.r1907/framework/web/CController.php(993): CFilter->filter(Object(CFilterChain))
#7 /var/www/yii-1.1.1.r1907/framework/web/filters/CInlineFilter.php(59): CController->filterAccessControl(Object(CFilterChain))
#8 /var/www/yii-1.1.1.r1907/framework/web/filters/CFilterChain.php(126): CInlineFilter->filter(Object(CFilterChain))
#9 /var/www/yii-1.1.1.r1907/framework/web/CController.php(283): CFilterChain->run()
#10 /var/www/yii-1.1.1.r1907/framework/web/CController.php(257): CController->runActionWithFilters(Object(CInlineAction), Array)
#11 /var/www/yii-1.1.1.r1907/framework/web/CWebApplication.php(320): CController->run('index')
#12 /var/www/yii-1.1.1.r1907/framework/web/CWebApplication.php(120): CWebApplication->runController('user/user/index')
#13 /var/www/yii-1.1.1.r1907/framework/base/CApplication.php(135): CWebApplication->processRequest()
#14 /var/www/yiithemes/index.php(12): CApplication->run()
#15 {main} REQUEST_URI=/index.php?r=user/user/index
2010/03/28 00:39:37 [error] [exception.CException] exception 'CException' with message 'CWebUser does not have a method named "isAdmin".' in /var/www/yii-1.1.1.r1907/framework/base/CComponent.php:237
Stack trace:
#0 [internal function]: CComponent->__call('isAdmin', Array)
#1 /var/www/yiithemes/protected/modules/user/controllers/UserController.php(59): CWebUser->isAdmin()
#2 /var/www/yii-1.1.1.r1907/framework/web/actions/CInlineAction.php(32): UserController->actionIndex()
#3 /var/www/yii-1.1.1.r1907/framework/web/CController.php(300): CInlineAction->run()
#4 /var/www/yii-1.1.1.r1907/framework/web/filters/CFilterChain.php(129): CController->runAction(Object(CInlineAction))
#5 /var/www/yii-1.1.1.r1907/framework/web/filters/CFilter.php(41): CFilterChain->run()
#6 /var/www/yii-1.1.1.r1907/framework/web/CController.php(993): CFilter->filter(Object(CFilterChain))
#7 /var/www/yii-1.1.1.r1907/framework/web/filters/CInlineFilter.php(59): CController->filterAccessControl(Object(CFilterChain))
#8 /var/www/yii-1.1.1.r1907/framework/web/filters/CFilterChain.php(126): CInlineFilter->filter(Object(CFilterChain))
#9 /var/www/yii-1.1.1.r1907/framework/web/CController.php(283): CFilterChain->run()
#10 /var/www/yii-1.1.1.r1907/framework/web/CController.php(257): CController->runActionWithFilters(Object(CInlineAction), Array)
#11 /var/www/yii-1.1.1.r1907/framework/web/CWebApplication.php(320): CController->run('index')
#12 /var/www/yii-1.1.1.r1907/framework/web/CWebApplication.php(120): CWebApplication->runController('user/user/index')
#13 /var/www/yii-1.1.1.r1907/framework/base/CApplication.php(135): CWebApplication->processRequest()
#14 /var/www/yiithemes/index.php(12): CApplication->run()
#15 {main} REQUEST_URI=/index.php?r=user/user/index
2010/03/28 00:42:30 [error] [exception.CException] exception 'CException' with message 'Property "CWebUser.registrationUrl" is not defined.' in /var/www/yii-1.1.1.r1907/framework/base/CComponent.php:131
Stack trace:
#0 /var/www/yii-1.1.1.r1907/framework/web/auth/CWebUser.php(107): CComponent->__get('registrationUrl')
#1 /var/www/yiithemes/protected/modules/user/views/user/login.php(42): CWebUser->__get('registrationUrl')
#2 /var/www/yii-1.1.1.r1907/framework/web/CBaseController.php(119): require('/var/www/yiithe...')
#3 /var/www/yii-1.1.1.r1907/framework/web/CBaseController.php(88): CBaseController->renderInternal('/var/www/yiithe...', Array, true)
#4 /var/www/yii-1.1.1.r1907/framework/web/CController.php(742): CBaseController->renderFile('/var/www/yiithe...', Array, true)
#5 /var/www/yii-1.1.1.r1907/framework/web/CController.php(681): CController->renderPartial('/user/login', Array, true)
#6 /var/www/yiithemes/protected/modules/user/controllers/UserController.php(148): CController->render('/user/login', Array)
#7 /var/www/yii-1.1.1.r1907/framework/web/actions/CInlineAction.php(32): UserController->actionLogin()
#8 /var/www/yii-1.1.1.r1907/framework/web/CController.php(300): CInlineAction->run()
#9 /var/www/yii-1.1.1.r1907/framework/web/filters/CFilterChain.php(129): CController->runAction(Object(CInlineAction))
#10 /var/www/yii-1.1.1.r1907/framework/web/filters/CFilter.php(41): CFilterChain->run()
#11 /var/www/yii-1.1.1.r1907/framework/web/CController.php(993): CFilter->filter(Object(CFilterChain))
#12 /var/www/yii-1.1.1.r1907/framework/web/filters/CInlineFilter.php(59): CController->filterAccessControl(Object(CFilterChain))
#13 /var/www/yii-1.1.1.r1907/framework/web/filters/CFilterChain.php(126): CInlineFilter->filter(Object(CFilterChain))
#14 /var/www/yii-1.1.1.r1907/framework/web/CController.php(283): CFilterChain->run()
#15 /var/www/yii-1.1.1.r1907/framework/web/CController.php(257): CController->runActionWithFilters(Object(CInlineAction), Array)
#16 /var/www/yii-1.1.1.r1907/framework/web/CWebApplication.php(320): CController->run('login')
#17 /var/www/yii-1.1.1.r1907/framework/web/CWebApplication.php(120): CWebApplication->runController('user/user/login')
#18 /var/www/yii-1.1.1.r1907/framework/base/CApplication.php(135): CWebApplication->processRequest()
#19 /var/www/yiithemes/index.php(12): CApplication->run()
#20 {main} REQUEST_URI=/index.php?r=user/user/login
2010/03/28 00:47:43 [error] [exception.CHttpException.404] exception 'CHttpException' with message 'Unable to resolve the request "user/login/login".' in /var/www/yii-1.1.1.r1907/framework/web/CWebApplication.php:324
Stack trace:
#0 /var/www/yii-1.1.1.r1907/framework/web/CWebApplication.php(120): CWebApplication->runController('user/login/logi...')
#1 /var/www/yii-1.1.1.r1907/framework/base/CApplication.php(135): CWebApplication->processRequest()
#2 /var/www/yiithemes/index.php(12): CApplication->run()
#3 {main} REQUEST_URI=/index.php?r=user/login/login
2010/03/28 00:47:49 [error] [exception.CHttpException.404] exception 'CHttpException' with message 'Unable to resolve the request "user/login".' in /var/www/yii-1.1.1.r1907/framework/web/CWebApplication.php:324
Stack trace:
#0 /var/www/yii-1.1.1.r1907/framework/web/CWebApplication.php(120): CWebApplication->runController('user/login')
#1 /var/www/yii-1.1.1.r1907/framework/base/CApplication.php(135): CWebApplication->processRequest()
#2 /var/www/yiithemes/index.php(12): CApplication->run()
#3 {main} REQUEST_URI=/index.php?r=user/login
2010/03/28 00:47:54 [error] [exception.CHttpException.404] exception 'CHttpException' with message 'Unable to resolve the request "user/login/login".' in /var/www/yii-1.1.1.r1907/framework/web/CWebApplication.php:324
Stack trace:
#0 /var/www/yii-1.1.1.r1907/framework/web/CWebApplication.php(120): CWebApplication->runController('user/login/logi...')
#1 /var/www/yii-1.1.1.r1907/framework/base/CApplication.php(135): CWebApplication->processRequest()
#2 /var/www/yiithemes/index.php(12): CApplication->run()
#3 {main} REQUEST_URI=/index.php?r=user/login/login
2010/03/28 00:51:24 [error] [exception.CHttpException.403] exception 'CHttpException' with message 'You are not authorized to perform this action.' in /var/www/yii-1.1.1.r1907/framework/web/auth/CAccessControlFilter.php:153
Stack trace:
#0 /var/www/yii-1.1.1.r1907/framework/web/auth/CAccessControlFilter.php(115): CAccessControlFilter->accessDenied(Object(WebUser), 'You are not aut...')
#1 /var/www/yii-1.1.1.r1907/framework/web/filters/CFilter.php(39): CAccessControlFilter->preFilter(Object(CFilterChain))
#2 /var/www/yii-1.1.1.r1907/framework/web/CController.php(993): CFilter->filter(Object(CFilterChain))
#3 /var/www/yii-1.1.1.r1907/framework/web/filters/CInlineFilter.php(59): CController->filterAccessControl(Object(CFilterChain))
#4 /var/www/yii-1.1.1.r1907/framework/web/filters/CFilterChain.php(126): CInlineFilter->filter(Object(CFilterChain))
#5 /var/www/yii-1.1.1.r1907/framework/web/CController.php(283): CFilterChain->run()
#6 /var/www/yii-1.1.1.r1907/framework/web/CController.php(257): CController->runActionWithFilters(Object(CInlineAction), Array)
#7 /var/www/yii-1.1.1.r1907/framework/web/CWebApplication.php(320): CController->run('admin')
#8 /var/www/yii-1.1.1.r1907/framework/web/CWebApplication.php(120): CWebApplication->runController('user/user/admin')
#9 /var/www/yii-1.1.1.r1907/framework/base/CApplication.php(135): CWebApplication->processRequest()
#10 /var/www/yiithemes/index.php(12): CApplication->run()
#11 {main} REQUEST_URI=/index.php?r=user/user/admin
2010/03/28 00:51:39 [error] [exception.CHttpException.403] exception 'CHttpException' with message 'You are not authorized to perform this action.' in /var/www/yii-1.1.1.r1907/framework/web/auth/CAccessControlFilter.php:153
Stack trace:
#0 /var/www/yii-1.1.1.r1907/framework/web/auth/CAccessControlFilter.php(115): CAccessControlFilter->accessDenied(Object(WebUser), 'You are not aut...')
#1 /var/www/yii-1.1.1.r1907/framework/web/filters/CFilter.php(39): CAccessControlFilter->preFilter(Object(CFilterChain))
#2 /var/www/yii-1.1.1.r1907/framework/web/CController.php(993): CFilter->filter(Object(CFilterChain))
#3 /var/www/yii-1.1.1.r1907/framework/web/filters/CInlineFilter.php(59): CController->filterAccessControl(Object(CFilterChain))
#4 /var/www/yii-1.1.1.r1907/framework/web/filters/CFilterChain.php(126): CInlineFilter->filter(Object(CFilterChain))
#5 /var/www/yii-1.1.1.r1907/framework/web/CController.php(283): CFilterChain->run()
#6 /var/www/yii-1.1.1.r1907/framework/web/CController.php(257): CController->runActionWithFilters(Object(CInlineAction), Array)
#7 /var/www/yii-1.1.1.r1907/framework/web/CWebApplication.php(320): CController->run('admin')
#8 /var/www/yii-1.1.1.r1907/framework/web/CWebApplication.php(120): CWebApplication->runController('user/user/admin')
#9 /var/www/yii-1.1.1.r1907/framework/base/CApplication.php(135): CWebApplication->processRequest()
#10 /var/www/yiithemes/index.php(12): CApplication->run()
#11 {main} REQUEST_URI=/index.php?r=user/user/admin
2010/03/28 00:53:21 [warning] [application] Failed to set unsafe attribute "User".
in /var/www/yiithemes/protected/modules/user/controllers/RoleController.php (26)
in /var/www/yiithemes/index.php (12)
2010/03/28 00:53:40 [error] [exception.CHttpException.404] exception 'CHttpException' with message 'The requested User does not exist.' in /var/www/yiithemes/protected/modules/user/controllers/UserController.php:473
Stack trace:
#0 /var/www/yiithemes/protected/modules/user/controllers/UserController.php(287): UserController->loadUser('admin')
#1 /var/www/yiithemes/protected/modules/user/controllers/UserController.php(62): UserController->actionProfile()
#2 /var/www/yii-1.1.1.r1907/framework/web/actions/CInlineAction.php(32): UserController->actionIndex()
#3 /var/www/yii-1.1.1.r1907/framework/web/CController.php(300): CInlineAction->run()
#4 /var/www/yii-1.1.1.r1907/framework/web/filters/CFilterChain.php(129): CController->runAction(Object(CInlineAction))
#5 /var/www/yii-1.1.1.r1907/framework/web/filters/CFilter.php(41): CFilterChain->run()
#6 /var/www/yii-1.1.1.r1907/framework/web/CController.php(993): CFilter->filter(Object(CFilterChain))
#7 /var/www/yii-1.1.1.r1907/framework/web/filters/CInlineFilter.php(59): CController->filterAccessControl(Object(CFilterChain))
#8 /var/www/yii-1.1.1.r1907/framework/web/filters/CFilterChain.php(126): CInlineFilter->filter(Object(CFilterChain))
#9 /var/www/yii-1.1.1.r1907/framework/web/CController.php(283): CFilterChain->run()
#10 /var/www/yii-1.1.1.r1907/framework/web/CController.php(257): CController->runActionWithFilters(Object(CInlineAction), Array)
#11 /var/www/yii-1.1.1.r1907/framework/web/CWebApplication.php(320): CController->run('index')
#12 /var/www/yii-1.1.1.r1907/framework/web/CWebApplication.php(120): CWebApplication->runController('user/user/index')
#13 /var/www/yii-1.1.1.r1907/framework/base/CApplication.php(135): CWebApplication->processRequest()
#14 /var/www/yiithemes/index.php(12): CApplication->run()
#15 {main} REQUEST_URI=/index.php?r=user/user/index
2010/03/28 00:53:49 [error] [exception.CHttpException.404] exception 'CHttpException' with message 'The requested User does not exist.' in /var/www/yiithemes/protected/modules/user/controllers/UserController.php:473
Stack trace:
#0 /var/www/yiithemes/protected/modules/user/controllers/UserController.php(287): UserController->loadUser('admin')
#1 /var/www/yiithemes/protected/modules/user/controllers/UserController.php(62): UserController->actionProfile()
#2 /var/www/yii-1.1.1.r1907/framework/web/actions/CInlineAction.php(32): UserController->actionIndex()
#3 /var/www/yii-1.1.1.r1907/framework/web/CController.php(300): CInlineAction->run()
#4 /var/www/yii-1.1.1.r1907/framework/web/filters/CFilterChain.php(129): CController->runAction(Object(CInlineAction))
#5 /var/www/yii-1.1.1.r1907/framework/web/filters/CFilter.php(41): CFilterChain->run()
#6 /var/www/yii-1.1.1.r1907/framework/web/CController.php(993): CFilter->filter(Object(CFilterChain))
#7 /var/www/yii-1.1.1.r1907/framework/web/filters/CInlineFilter.php(59): CController->filterAccessControl(Object(CFilterChain))
#8 /var/www/yii-1.1.1.r1907/framework/web/filters/CFilterChain.php(126): CInlineFilter->filter(Object(CFilterChain))
#9 /var/www/yii-1.1.1.r1907/framework/web/CController.php(283): CFilterChain->run()
#10 /var/www/yii-1.1.1.r1907/framework/web/CController.php(257): CController->runActionWithFilters(Object(CInlineAction), Array)
#11 /var/www/yii-1.1.1.r1907/framework/web/CWebApplication.php(320): CController->run('index')
#12 /var/www/yii-1.1.1.r1907/framework/web/CWebApplication.php(120): CWebApplication->runController('user/user/index')
#13 /var/www/yii-1.1.1.r1907/framework/base/CApplication.php(135): CWebApplication->processRequest()
#14 /var/www/yiithemes/index.php(12): CApplication->run()
#15 {main} REQUEST_URI=/index.php?r=user/user/index
2010/03/28 00:59:17 [warning] [application] Failed to set unsafe attribute "Role".
in /var/www/yiithemes/protected/modules/user/controllers/UserController.php (390)
in /var/www/yiithemes/index.php (12)
2010/03/28 02:40:23 [error] [exception.CHttpException.404] exception 'CHttpException' with message 'Unable to resolve the request "user/site/index".' in /var/www/yii-1.1.1.r1907/framework/web/CWebApplication.php:324
Stack trace:
#0 /var/www/yii-1.1.1.r1907/framework/web/CWebApplication.php(120): CWebApplication->runController('user/site/index')
#1 /var/www/yii-1.1.1.r1907/framework/base/CApplication.php(135): CWebApplication->processRequest()
#2 /var/www/yiithemes/index.php(12): CApplication->run()
#3 {main} REQUEST_URI=/index.php?r=user/site/index
2010/03/28 02:41:34 [error] [exception.CHttpException.404] exception 'CHttpException' with message 'The requested view "index" was not found.' in /var/www/yii-1.1.1.r1907/framework/web/actions/CViewAction.php:110
Stack trace:
#0 /var/www/yii-1.1.1.r1907/framework/web/actions/CViewAction.php(121): CViewAction->resolveView('index')
#1 /var/www/yii-1.1.1.r1907/framework/web/CController.php(300): CViewAction->run()
#2 /var/www/yii-1.1.1.r1907/framework/web/CController.php(278): CController->runAction(Object(CViewAction))
#3 /var/www/yii-1.1.1.r1907/framework/web/CController.php(257): CController->runActionWithFilters(Object(CViewAction), Array)
#4 /var/www/yii-1.1.1.r1907/framework/web/CWebApplication.php(320): CController->run('page')
#5 /var/www/yii-1.1.1.r1907/framework/web/CWebApplication.php(120): CWebApplication->runController('site/page')
#6 /var/www/yii-1.1.1.r1907/framework/base/CApplication.php(135): CWebApplication->processRequest()
#7 /var/www/yiithemes/index.php(12): CApplication->run()
#8 {main} REQUEST_URI=/index.php?r=site/page
2010/03/28 02:41:45 [error] [exception.CHttpException.404] exception 'CHttpException' with message 'The requested view "index" was not found.' in /var/www/yii-1.1.1.r1907/framework/web/actions/CViewAction.php:110
Stack trace:
#0 /var/www/yii-1.1.1.r1907/framework/web/actions/CViewAction.php(121): CViewAction->resolveView('index')
#1 /var/www/yii-1.1.1.r1907/framework/web/CController.php(300): CViewAction->run()
#2 /var/www/yii-1.1.1.r1907/framework/web/CController.php(278): CController->runAction(Object(CViewAction))
#3 /var/www/yii-1.1.1.r1907/framework/web/CController.php(257): CController->runActionWithFilters(Object(CViewAction), Array)
#4 /var/www/yii-1.1.1.r1907/framework/web/CWebApplication.php(320): CController->run('page')
#5 /var/www/yii-1.1.1.r1907/framework/web/CWebApplication.php(120): CWebApplication->runController('site/page')
#6 /var/www/yii-1.1.1.r1907/framework/base/CApplication.php(135): CWebApplication->processRequest()
#7 /var/www/yiithemes/index.php(12): CApplication->run()
#8 {main} REQUEST_URI=/index.php?r=site/page
2010/03/28 02:41:48 [error] [exception.CHttpException.404] exception 'CHttpException' with message 'The system is unable to find the requested action "about".' in /var/www/yii-1.1.1.r1907/framework/web/CController.php:439
Stack trace:
#0 /var/www/yii-1.1.1.r1907/framework/web/CController.php(262): CController->missingAction('about')
#1 /var/www/yii-1.1.1.r1907/framework/web/CWebApplication.php(320): CController->run('about')
#2 /var/www/yii-1.1.1.r1907/framework/web/CWebApplication.php(120): CWebApplication->runController('site/about')
#3 /var/www/yii-1.1.1.r1907/framework/base/CApplication.php(135): CWebApplication->processRequest()
#4 /var/www/yiithemes/index.php(12): CApplication->run()
#5 {main} REQUEST_URI=/index.php?r=site/about
2010/03/28 02:43:20 [error] [exception.CHttpException.404] exception 'CHttpException' with message 'The system is unable to find the requested action "about".' in /var/www/yii-1.1.1.r1907/framework/web/CController.php:439
Stack trace:
#0 /var/www/yii-1.1.1.r1907/framework/web/CController.php(262): CController->missingAction('about')
#1 /var/www/yii-1.1.1.r1907/framework/web/CWebApplication.php(320): CController->run('about')
#2 /var/www/yii-1.1.1.r1907/framework/web/CWebApplication.php(120): CWebApplication->runController('site/about')
#3 /var/www/yii-1.1.1.r1907/framework/base/CApplication.php(135): CWebApplication->processRequest()
#4 /var/www/yiithemes/index.php(12): CApplication->run()
#5 {main} REQUEST_URI=/index.php?r=site/about
2010/03/28 02:43:25 [error] [exception.CHttpException.404] exception 'CHttpException' with message 'The system is unable to find the requested action "Array".' in /var/www/yii-1.1.1.r1907/framework/web/CController.php:439
Stack trace:
#0 /var/www/yii-1.1.1.r1907/framework/web/CController.php(262): CController->missingAction('Array')
#1 /var/www/yii-1.1.1.r1907/framework/web/CWebApplication.php(320): CController->run('Array')
#2 /var/www/yii-1.1.1.r1907/framework/web/CWebApplication.php(120): CWebApplication->runController('site/Array')
#3 /var/www/yii-1.1.1.r1907/framework/base/CApplication.php(135): CWebApplication->processRequest()
#4 /var/www/yiithemes/index.php(12): CApplication->run()
#5 {main} REQUEST_URI=/index.php?r=site/Array
2010/03/28 02:43:47 [error] [exception.CHttpException.404] exception 'CHttpException' with message 'The system is unable to find the requested action "Array".' in /var/www/yii-1.1.1.r1907/framework/web/CController.php:439
Stack trace:
#0 /var/www/yii-1.1.1.r1907/framework/web/CController.php(262): CController->missingAction('Array')
#1 /var/www/yii-1.1.1.r1907/framework/web/CWebApplication.php(320): CController->run('Array')
#2 /var/www/yii-1.1.1.r1907/framework/web/CWebApplication.php(120): CWebApplication->runController('site/Array')
#3 /var/www/yii-1.1.1.r1907/framework/base/CApplication.php(135): CWebApplication->processRequest()
#4 /var/www/yiithemes/index.php(12): CApplication->run()
#5 {main} REQUEST_URI=/index.php?r=site/Array
2010/03/28 02:44:24 [error] [exception.CHttpException.404] exception 'CHttpException' with message 'The system is unable to find the requested action "Array".' in /var/www/yii-1.1.1.r1907/framework/web/CController.php:439
Stack trace:
#0 /var/www/yii-1.1.1.r1907/framework/web/CController.php(262): CController->missingAction('Array')
#1 /var/www/yii-1.1.1.r1907/framework/web/CWebApplication.php(320): CController->run('Array')
#2 /var/www/yii-1.1.1.r1907/framework/web/CWebApplication.php(120): CWebApplication->runController('site/Array')
#3 /var/www/yii-1.1.1.r1907/framework/base/CApplication.php(135): CWebApplication->processRequest()
#4 /var/www/yiithemes/index.php(12): CApplication->run()
#5 {main} REQUEST_URI=/index.php?r=site/Array
2010/03/28 02:46:13 [error] [exception.CHttpException.404] exception 'CHttpException' with message 'The system is unable to find the requested action "Array".' in /var/www/yii-1.1.1.r1907/framework/web/CController.php:439
Stack trace:
#0 /var/www/yii-1.1.1.r1907/framework/web/CController.php(262): CController->missingAction('Array')
#1 /var/www/yii-1.1.1.r1907/framework/web/CWebApplication.php(320): CController->run('Array')
#2 /var/www/yii-1.1.1.r1907/framework/web/CWebApplication.php(120): CWebApplication->runController('site/Array')
#3 /var/www/yii-1.1.1.r1907/framework/base/CApplication.php(135): CWebApplication->processRequest()
#4 /var/www/yiithemes/index.php(12): CApplication->run()
#5 {main} REQUEST_URI=/index.php?r=site/Array
2010/03/30 21:31:55 [error] [exception.CException] exception 'CException' with message 'CActiveForm does not have a method named "activeDropDownList".' in /var/www/yii-1.1.1.r1907/framework/base/CComponent.php:237
Stack trace:
#0 [internal function]: CComponent->__call('activeDropDownL...', Array)
#1 /var/www/yiithemes/protected/views/theme/_form.php(58): CActiveForm->activeDropDownList(Object(Theme), 'deleted', Array)
#2 /var/www/yii-1.1.1.r1907/framework/web/CBaseController.php(119): require('/var/www/yiithe...')
#3 /var/www/yii-1.1.1.r1907/framework/web/CBaseController.php(88): CBaseController->renderInternal('/var/www/yiithe...', Array, true)
#4 /var/www/yii-1.1.1.r1907/framework/web/CController.php(742): CBaseController->renderFile('/var/www/yiithe...', Array, true)
#5 /var/www/yiithemes/protected/views/theme/create.php(15): CController->renderPartial('_form', Array)
#6 /var/www/yii-1.1.1.r1907/framework/web/CBaseController.php(119): require('/var/www/yiithe...')
#7 /var/www/yii-1.1.1.r1907/framework/web/CBaseController.php(88): CBaseController->renderInternal('/var/www/yiithe...', Array, true)
#8 /var/www/yii-1.1.1.r1907/framework/web/CController.php(742): CBaseController->renderFile('/var/www/yiithe...', Array, true)
#9 /var/www/yii-1.1.1.r1907/framework/web/CController.php(681): CController->renderPartial('create', Array, true)
#10 /var/www/yiithemes/protected/controllers/ThemeController.php(82): CController->render('create', Array)
#11 /var/www/yii-1.1.1.r1907/framework/web/actions/CInlineAction.php(32): ThemeController->actionCreate()
#12 /var/www/yii-1.1.1.r1907/framework/web/CController.php(300): CInlineAction->run()
#13 /var/www/yii-1.1.1.r1907/framework/web/filters/CFilterChain.php(129): CController->runAction(Object(CInlineAction))
#14 /var/www/yii-1.1.1.r1907/framework/web/filters/CFilter.php(41): CFilterChain->run()
#15 /var/www/yii-1.1.1.r1907/framework/web/CController.php(993): CFilter->filter(Object(CFilterChain))
#16 /var/www/yii-1.1.1.r1907/framework/web/filters/CInlineFilter.php(59): CController->filterAccessControl(Object(CFilterChain))
#17 /var/www/yii-1.1.1.r1907/framework/web/filters/CFilterChain.php(126): CInlineFilter->filter(Object(CFilterChain))
#18 /var/www/yii-1.1.1.r1907/framework/web/CController.php(283): CFilterChain->run()
#19 /var/www/yii-1.1.1.r1907/framework/web/CController.php(257): CController->runActionWithFilters(Object(CInlineAction), Array)
#20 /var/www/yii-1.1.1.r1907/framework/web/CWebApplication.php(320): CController->run('create')
#21 /var/www/yii-1.1.1.r1907/framework/web/CWebApplication.php(120): CWebApplication->runController('theme/create')
#22 /var/www/yii-1.1.1.r1907/framework/base/CApplication.php(135): CWebApplication->processRequest()
#23 /var/www/yiithemes/index.php(12): CApplication->run()
#24 {main} REQUEST_URI=/index.php?r=theme/create
2010/03/30 21:40:26 [warning] [application] Failed to set unsafe attribute "long_desc".
in /var/www/yiithemes/protected/controllers/ThemeController.php (75)
in /var/www/yiithemes/index.php (12)
2010/03/30 21:41:33 [warning] [application] Failed to set unsafe attribute "long_desc".
in /var/www/yiithemes/protected/controllers/ThemeController.php (75)
in /var/www/yiithemes/index.php (12)
2010/03/30 21:46:35 [warning] [application] Failed to set unsafe attribute "long_desc".
in /var/www/yiithemes/protected/controllers/ThemeController.php (75)
in /var/www/yiithemes/index.php (12)
2010/03/30 21:55:41 [warning] [application] Failed to set unsafe attribute "long_desc".
in /var/www/yiithemes/protected/controllers/ThemeController.php (75)
in /var/www/yiithemes/index.php (12)
2010/03/30 22:01:38 [warning] [application] Failed to set unsafe attribute "long_desc".
in /var/www/yiithemes/protected/controllers/ThemeController.php (75)
in /var/www/yiithemes/index.php (12)
2010/03/30 22:02:43 [warning] [application] Failed to set unsafe attribute "long_desc".
in /var/www/yiithemes/protected/controllers/ThemeController.php (75)
in /var/www/yiithemes/index.php (12)
2010/03/30 22:03:14 [warning] [application] Failed to set unsafe attribute "long_desc".
in /var/www/yiithemes/protected/controllers/ThemeController.php (75)
in /var/www/yiithemes/index.php (12)
2010/03/30 22:04:02 [warning] [application] Failed to set unsafe attribute "long_desc".
in /var/www/yiithemes/protected/controllers/ThemeController.php (75)
in /var/www/yiithemes/index.php (12)
2010/03/30 22:04:42 [error] [exception.CHttpException.404] exception 'CHttpException' with message 'The system is unable to find the requested action "create\".' in /var/www/yii-1.1.1.r1907/framework/web/CController.php:439
Stack trace:
#0 /var/www/yii-1.1.1.r1907/framework/web/CController.php(262): CController->missingAction('create\')
#1 /var/www/yii-1.1.1.r1907/framework/web/CWebApplication.php(320): CController->run('create\')
#2 /var/www/yii-1.1.1.r1907/framework/web/CWebApplication.php(120): CWebApplication->runController('theme/create\')
#3 /var/www/yii-1.1.1.r1907/framework/base/CApplication.php(135): CWebApplication->processRequest()
#4 /var/www/yiithemes/index.php(12): CApplication->run()
#5 {main} REQUEST_URI=/index.php?r=theme/create\
2010/03/30 22:04:58 [warning] [application] Failed to set unsafe attribute "long_desc".
in /var/www/yiithemes/protected/controllers/ThemeController.php (75)
in /var/www/yiithemes/index.php (12)
2010/03/30 22:06:28 [warning] [application] Failed to set unsafe attribute "long_desc".
in /var/www/yiithemes/protected/controllers/ThemeController.php (75)
in /var/www/yiithemes/index.php (12)
2010/03/30 22:06:44 [warning] [application] Failed to set unsafe attribute "long_desc".
in /var/www/yiithemes/protected/controllers/ThemeController.php (75)
in /var/www/yiithemes/index.php (12)
2010/03/30 22:06:58 [warning] [application] Failed to set unsafe attribute "long_desc".
in /var/www/yiithemes/protected/controllers/ThemeController.php (75)
in /var/www/yiithemes/index.php (12)
2010/03/30 22:07:15 [warning] [application] Failed to set unsafe attribute "long_desc".
in /var/www/yiithemes/protected/controllers/ThemeController.php (75)
in /var/www/yiithemes/index.php (12)
2010/03/30 22:07:36 [warning] [application] Failed to set unsafe attribute "long_desc".
in /var/www/yiithemes/protected/controllers/ThemeController.php (75)
in /var/www/yiithemes/index.php (12)
2010/03/30 22:09:07 [warning] [application] Failed to set unsafe attribute "long_desc".
in /var/www/yiithemes/protected/controllers/ThemeController.php (75)
in /var/www/yiithemes/index.php (12)
2010/03/31 19:23:47 [warning] [application] Failed to set unsafe attribute "long_desc".
in /var/www/yiithemes/protected/controllers/ThemeController.php (75)
in /var/www/yiithemes/index.php (12)
2010/03/31 19:35:34 [error] [exception.CHttpException.404] exception 'CHttpException' with message 'Unable to resolve the request "user/login".' in /var/www/yii-1.1.1.r1907/framework/web/CWebApplication.php:324
Stack trace:
#0 /var/www/yii-1.1.1.r1907/framework/web/CWebApplication.php(120): CWebApplication->runController('user/login')
#1 /var/www/yii-1.1.1.r1907/framework/base/CApplication.php(135): CWebApplication->processRequest()
#2 /var/www/yiithemes/index.php(12): CApplication->run()
#3 {main} REQUEST_URI=/index.php?r=user/login
2010/04/01 20:22:49 [warning] [application] Failed to set unsafe attribute "long_desc".
in /var/www/yiithemes/protected/controllers/ThemeController.php (75)
in /var/www/yiithemes/index.php (12)
2010/04/01 20:41:58 [warning] [application] Failed to set unsafe attribute "long_desc".
in /var/www/yiithemes/protected/controllers/ThemeController.php (75)
in /var/www/yiithemes/index.php (12)
2010/04/01 20:44:15 [warning] [application] Failed to set unsafe attribute "long_desc".
in /var/www/yiithemes/protected/controllers/ThemeController.php (75)
in /var/www/yiithemes/index.php (12)
2010/04/01 20:55:02 [warning] [application] Failed to set unsafe attribute "long_desc".
in /var/www/yiithemes/protected/controllers/ThemeController.php (75)
in /var/www/yiithemes/index.php (12)
2010/04/01 20:59:39 [error] [exception.CException] exception 'CException' with message 'The attribute must be specified in the format of "Name:Type:Label", where "Type" and "Label" are optional.' in /var/www/yii-1.1.1.r1907/framework/zii/widgets/CDetailView.php:172
Stack trace:
#0 /var/www/yii-1.1.1.r1907/framework/web/CBaseController.php(161): CDetailView->run()
#1 /var/www/yiithemes/protected/views/theme/view.php(31): CBaseController->widget('zii.widgets.CDe...', Array)
#2 /var/www/yii-1.1.1.r1907/framework/web/CBaseController.php(119): require('/var/www/yiithe...')
#3 /var/www/yii-1.1.1.r1907/framework/web/CBaseController.php(88): CBaseController->renderInternal('/var/www/yiithe...', Array, true)
#4 /var/www/yii-1.1.1.r1907/framework/web/CController.php(742): CBaseController->renderFile('/var/www/yiithe...', Array, true)
#5 /var/www/yii-1.1.1.r1907/framework/web/CController.php(681): CController->renderPartial('view', Array, true)
#6 /var/www/yiithemes/protected/controllers/ThemeController.php(59): CController->render('view', Array)
#7 /var/www/yii-1.1.1.r1907/framework/web/actions/CInlineAction.php(32): ThemeController->actionView()
#8 /var/www/yii-1.1.1.r1907/framework/web/CController.php(300): CInlineAction->run()
#9 /var/www/yii-1.1.1.r1907/framework/web/filters/CFilterChain.php(129): CController->runAction(Object(CInlineAction))
#10 /var/www/yii-1.1.1.r1907/framework/web/filters/CFilter.php(41): CFilterChain->run()
#11 /var/www/yii-1.1.1.r1907/framework/web/CController.php(993): CFilter->filter(Object(CFilterChain))
#12 /var/www/yii-1.1.1.r1907/framework/web/filters/CInlineFilter.php(59): CController->filterAccessControl(Object(CFilterChain))
#13 /var/www/yii-1.1.1.r1907/framework/web/filters/CFilterChain.php(126): CInlineFilter->filter(Object(CFilterChain))
#14 /var/www/yii-1.1.1.r1907/framework/web/CController.php(283): CFilterChain->run()
#15 /var/www/yii-1.1.1.r1907/framework/web/CController.php(257): CController->runActionWithFilters(Object(CInlineAction), Array)
#16 /var/www/yii-1.1.1.r1907/framework/web/CWebApplication.php(320): CController->run('view')
#17 /var/www/yii-1.1.1.r1907/framework/web/CWebApplication.php(120): CWebApplication->runController('theme/view')
#18 /var/www/yii-1.1.1.r1907/framework/base/CApplication.php(135): CWebApplication->processRequest()
#19 /var/www/yiithemes/index.php(12): CApplication->run()
#20 {main} REQUEST_URI=/index.php?r=theme/view&id=1
2010/04/01 20:59:51 [error] [php] include(Users.php) [<a href='function.include'>function.include</a>]: failed to open stream: No such file or directory (/var/www/yii-1.1.1.r1907/framework/YiiBase.php:338)
Stack trace:
#0 /var/www/yii-1.1.1.r1907/framework/db/ar/CActiveRecord.php(327): spl_autoload_call()
#1 /var/www/yii-1.1.1.r1907/framework/db/ar/CActiveFinder.php(257): model()
#2 /var/www/yii-1.1.1.r1907/framework/db/ar/CActiveFinder.php(51): CActiveFinder->buildJoinTree()
#3 /var/www/yii-1.1.1.r1907/framework/db/ar/CActiveRecord.php(236): CActiveFinder->__construct()
#4 /var/www/yii-1.1.1.r1907/framework/db/ar/CActiveRecord.php(105): Theme->getRelated()
#5 /var/www/yii-1.1.1.r1907/framework/web/helpers/CHtml.php(1591): Theme->__get()
#6 /var/www/yii-1.1.1.r1907/framework/zii/widgets/CDetailView.php(198): value()
#7 /var/www/yii-1.1.1.r1907/framework/web/CBaseController.php(161): CDetailView->run()
#8 /var/www/yiithemes/protected/views/theme/view.php(31): ThemeController->widget()
#9 /var/www/yii-1.1.1.r1907/framework/web/CBaseController.php(119): require()
#10 /var/www/yii-1.1.1.r1907/framework/web/CBaseController.php(88): ThemeController->renderInternal()
#11 /var/www/yii-1.1.1.r1907/framework/web/CController.php(742): ThemeController->renderFile()
#12 /var/www/yii-1.1.1.r1907/framework/web/CController.php(681): ThemeController->renderPartial()
#13 /var/www/yiithemes/protected/controllers/ThemeController.php(59): ThemeController->render()
#14 /var/www/yii-1.1.1.r1907/framework/web/actions/CInlineAction.php(32): ThemeController->actionView()
#15 /var/www/yii-1.1.1.r1907/framework/web/CController.php(300): CInlineAction->run()
#16 /var/www/yii-1.1.1.r1907/framework/web/filters/CFilterChain.php(129): ThemeController->runAction()
#17 /var/www/yii-1.1.1.r1907/framework/web/filters/CFilter.php(41): CFilterChain->run()
#18 /var/www/yii-1.1.1.r1907/framework/web/CController.php(993): CAccessControlFilter->filter()
#19 /var/www/yii-1.1.1.r1907/framework/web/filters/CInlineFilter.php(59): ThemeController->filterAccessControl()
#20 /var/www/yii-1.1.1.r1907/framework/web/filters/CFilterChain.php(126): CInlineFilter->filter()
#21 /var/www/yii-1.1.1.r1907/framework/web/CController.php(283): CFilterChain->run()
#22 /var/www/yii-1.1.1.r1907/framework/web/CController.php(257): ThemeController->runActionWithFilters()
#23 /var/www/yii-1.1.1.r1907/framework/web/CWebApplication.php(320): ThemeController->run()
#24 /var/www/yii-1.1.1.r1907/framework/web/CWebApplication.php(120): CWebApplication->runController()
#25 /var/www/yii-1.1.1.r1907/framework/base/CApplication.php(135): CWebApplication->processRequest()
#26 /var/www/yiithemes/index.php(12): CWebApplication->run()
REQUEST_URI=/index.php?r=theme/view&id=1
in /var/www/yii-1.1.1.r1907/framework/zii/widgets/CDetailView.php (198)
in /var/www/yiithemes/protected/views/theme/view.php (31)
in /var/www/yiithemes/protected/controllers/ThemeController.php (59)
2010/04/01 21:00:02 [error] [php] include(Users.php) [<a href='function.include'>function.include</a>]: failed to open stream: No such file or directory (/var/www/yii-1.1.1.r1907/framework/YiiBase.php:338)
Stack trace:
#0 /var/www/yii-1.1.1.r1907/framework/db/ar/CActiveRecord.php(327): spl_autoload_call()
#1 /var/www/yii-1.1.1.r1907/framework/db/ar/CActiveFinder.php(257): model()
#2 /var/www/yii-1.1.1.r1907/framework/db/ar/CActiveFinder.php(51): CActiveFinder->buildJoinTree()
#3 /var/www/yii-1.1.1.r1907/framework/db/ar/CActiveRecord.php(236): CActiveFinder->__construct()
#4 /var/www/yii-1.1.1.r1907/framework/db/ar/CActiveRecord.php(105): Theme->getRelated()
#5 /var/www/yii-1.1.1.r1907/framework/web/helpers/CHtml.php(1591): Theme->__get()
#6 /var/www/yii-1.1.1.r1907/framework/zii/widgets/CDetailView.php(198): value()
#7 /var/www/yii-1.1.1.r1907/framework/web/CBaseController.php(161): CDetailView->run()
#8 /var/www/yiithemes/protected/views/theme/view.php(31): ThemeController->widget()
#9 /var/www/yii-1.1.1.r1907/framework/web/CBaseController.php(119): require()
#10 /var/www/yii-1.1.1.r1907/framework/web/CBaseController.php(88): ThemeController->renderInternal()
#11 /var/www/yii-1.1.1.r1907/framework/web/CController.php(742): ThemeController->renderFile()
#12 /var/www/yii-1.1.1.r1907/framework/web/CController.php(681): ThemeController->renderPartial()
#13 /var/www/yiithemes/protected/controllers/ThemeController.php(59): ThemeController->render()
#14 /var/www/yii-1.1.1.r1907/framework/web/actions/CInlineAction.php(32): ThemeController->actionView()
#15 /var/www/yii-1.1.1.r1907/framework/web/CController.php(300): CInlineAction->run()
#16 /var/www/yii-1.1.1.r1907/framework/web/filters/CFilterChain.php(129): ThemeController->runAction()
#17 /var/www/yii-1.1.1.r1907/framework/web/filters/CFilter.php(41): CFilterChain->run()
#18 /var/www/yii-1.1.1.r1907/framework/web/CController.php(993): CAccessControlFilter->filter()
#19 /var/www/yii-1.1.1.r1907/framework/web/filters/CInlineFilter.php(59): ThemeController->filterAccessControl()
#20 /var/www/yii-1.1.1.r1907/framework/web/filters/CFilterChain.php(126): CInlineFilter->filter()
#21 /var/www/yii-1.1.1.r1907/framework/web/CController.php(283): CFilterChain->run()
#22 /var/www/yii-1.1.1.r1907/framework/web/CController.php(257): ThemeController->runActionWithFilters()
#23 /var/www/yii-1.1.1.r1907/framework/web/CWebApplication.php(320): ThemeController->run()
#24 /var/www/yii-1.1.1.r1907/framework/web/CWebApplication.php(120): CWebApplication->runController()
#25 /var/www/yii-1.1.1.r1907/framework/base/CApplication.php(135): CWebApplication->processRequest()
#26 /var/www/yiithemes/index.php(12): CWebApplication->run()
REQUEST_URI=/index.php?r=theme/view&id=1
in /var/www/yii-1.1.1.r1907/framework/zii/widgets/CDetailView.php (198)
in /var/www/yiithemes/protected/views/theme/view.php (31)
in /var/www/yiithemes/protected/controllers/ThemeController.php (59)
2010/04/01 21:00:06 [error] [php] include(Users.php) [<a href='function.include'>function.include</a>]: failed to open stream: No such file or directory (/var/www/yii-1.1.1.r1907/framework/YiiBase.php:338)
Stack trace:
#0 /var/www/yii-1.1.1.r1907/framework/db/ar/CActiveRecord.php(327): spl_autoload_call()
#1 /var/www/yii-1.1.1.r1907/framework/db/ar/CActiveFinder.php(257): model()
#2 /var/www/yii-1.1.1.r1907/framework/db/ar/CActiveFinder.php(51): CActiveFinder->buildJoinTree()
#3 /var/www/yii-1.1.1.r1907/framework/db/ar/CActiveRecord.php(236): CActiveFinder->__construct()
#4 /var/www/yii-1.1.1.r1907/framework/db/ar/CActiveRecord.php(105): Theme->getRelated()
#5 /var/www/yii-1.1.1.r1907/framework/web/helpers/CHtml.php(1591): Theme->__get()
#6 /var/www/yii-1.1.1.r1907/framework/zii/widgets/CDetailView.php(198): value()
#7 /var/www/yii-1.1.1.r1907/framework/web/CBaseController.php(161): CDetailView->run()
#8 /var/www/yiithemes/protected/views/theme/view.php(31): ThemeController->widget()
#9 /var/www/yii-1.1.1.r1907/framework/web/CBaseController.php(119): require()
#10 /var/www/yii-1.1.1.r1907/framework/web/CBaseController.php(88): ThemeController->renderInternal()
#11 /var/www/yii-1.1.1.r1907/framework/web/CController.php(742): ThemeController->renderFile()
#12 /var/www/yii-1.1.1.r1907/framework/web/CController.php(681): ThemeController->renderPartial()
#13 /var/www/yiithemes/protected/controllers/ThemeController.php(59): ThemeController->render()
#14 /var/www/yii-1.1.1.r1907/framework/web/actions/CInlineAction.php(32): ThemeController->actionView()
#15 /var/www/yii-1.1.1.r1907/framework/web/CController.php(300): CInlineAction->run()
#16 /var/www/yii-1.1.1.r1907/framework/web/filters/CFilterChain.php(129): ThemeController->runAction()
#17 /var/www/yii-1.1.1.r1907/framework/web/filters/CFilter.php(41): CFilterChain->run()
#18 /var/www/yii-1.1.1.r1907/framework/web/CController.php(993): CAccessControlFilter->filter()
#19 /var/www/yii-1.1.1.r1907/framework/web/filters/CInlineFilter.php(59): ThemeController->filterAccessControl()
#20 /var/www/yii-1.1.1.r1907/framework/web/filters/CFilterChain.php(126): CInlineFilter->filter()
#21 /var/www/yii-1.1.1.r1907/framework/web/CController.php(283): CFilterChain->run()
#22 /var/www/yii-1.1.1.r1907/framework/web/CController.php(257): ThemeController->runActionWithFilters()
#23 /var/www/yii-1.1.1.r1907/framework/web/CWebApplication.php(320): ThemeController->run()
#24 /var/www/yii-1.1.1.r1907/framework/web/CWebApplication.php(120): CWebApplication->runController()
#25 /var/www/yii-1.1.1.r1907/framework/base/CApplication.php(135): CWebApplication->processRequest()
#26 /var/www/yiithemes/index.php(12): CWebApplication->run()
REQUEST_URI=/index.php?r=theme/view&id=1
in /var/www/yii-1.1.1.r1907/framework/zii/widgets/CDetailView.php (198)
in /var/www/yiithemes/protected/views/theme/view.php (31)
in /var/www/yiithemes/protected/controllers/ThemeController.php (59)
2010/04/01 21:00:12 [error] [exception.CException] exception 'CException' with message 'Property "Theme.users" is not defined.' in /var/www/yii-1.1.1.r1907/framework/base/CComponent.php:131
Stack trace:
#0 /var/www/yii-1.1.1.r1907/framework/db/ar/CActiveRecord.php(107): CComponent->__get('users')
#1 /var/www/yii-1.1.1.r1907/framework/web/helpers/CHtml.php(1591): CActiveRecord->__get('users')
#2 /var/www/yii-1.1.1.r1907/framework/zii/widgets/CDetailView.php(198): CHtml::value(Object(Theme), 'users')
#3 /var/www/yii-1.1.1.r1907/framework/web/CBaseController.php(161): CDetailView->run()
#4 /var/www/yiithemes/protected/views/theme/view.php(31): CBaseController->widget('zii.widgets.CDe...', Array)
#5 /var/www/yii-1.1.1.r1907/framework/web/CBaseController.php(119): require('/var/www/yiithe...')
#6 /var/www/yii-1.1.1.r1907/framework/web/CBaseController.php(88): CBaseController->renderInternal('/var/www/yiithe...', Array, true)
#7 /var/www/yii-1.1.1.r1907/framework/web/CController.php(742): CBaseController->renderFile('/var/www/yiithe...', Array, true)
#8 /var/www/yii-1.1.1.r1907/framework/web/CController.php(681): CController->renderPartial('view', Array, true)
#9 /var/www/yiithemes/protected/controllers/ThemeController.php(59): CController->render('view', Array)
#10 /var/www/yii-1.1.1.r1907/framework/web/actions/CInlineAction.php(32): ThemeController->actionView()
#11 /var/www/yii-1.1.1.r1907/framework/web/CController.php(300): CInlineAction->run()
#12 /var/www/yii-1.1.1.r1907/framework/web/filters/CFilterChain.php(129): CController->runAction(Object(CInlineAction))
#13 /var/www/yii-1.1.1.r1907/framework/web/filters/CFilter.php(41): CFilterChain->run()
#14 /var/www/yii-1.1.1.r1907/framework/web/CController.php(993): CFilter->filter(Object(CFilterChain))
#15 /var/www/yii-1.1.1.r1907/framework/web/filters/CInlineFilter.php(59): CController->filterAccessControl(Object(CFilterChain))
#16 /var/www/yii-1.1.1.r1907/framework/web/filters/CFilterChain.php(126): CInlineFilter->filter(Object(CFilterChain))
#17 /var/www/yii-1.1.1.r1907/framework/web/CController.php(283): CFilterChain->run()
#18 /var/www/yii-1.1.1.r1907/framework/web/CController.php(257): CController->runActionWithFilters(Object(CInlineAction), Array)
#19 /var/www/yii-1.1.1.r1907/framework/web/CWebApplication.php(320): CController->run('view')
#20 /var/www/yii-1.1.1.r1907/framework/web/CWebApplication.php(120): CWebApplication->runController('theme/view')
#21 /var/www/yii-1.1.1.r1907/framework/base/CApplication.php(135): CWebApplication->processRequest()
#22 /var/www/yiithemes/index.php(12): CApplication->run()
#23 {main} REQUEST_URI=/index.php?r=theme/view&id=1
2010/04/01 21:00:17 [error] [php] include(Users.php) [<a href='function.include'>function.include</a>]: failed to open stream: No such file or directory (/var/www/yii-1.1.1.r1907/framework/YiiBase.php:338)
Stack trace:
#0 /var/www/yii-1.1.1.r1907/framework/db/ar/CActiveRecord.php(327): spl_autoload_call()
#1 /var/www/yii-1.1.1.r1907/framework/db/ar/CActiveFinder.php(257): model()
#2 /var/www/yii-1.1.1.r1907/framework/db/ar/CActiveFinder.php(51): CActiveFinder->buildJoinTree()
#3 /var/www/yii-1.1.1.r1907/framework/db/ar/CActiveRecord.php(236): CActiveFinder->__construct()
#4 /var/www/yii-1.1.1.r1907/framework/db/ar/CActiveRecord.php(105): Theme->getRelated()
#5 /var/www/yii-1.1.1.r1907/framework/web/helpers/CHtml.php(1591): Theme->__get()
#6 /var/www/yii-1.1.1.r1907/framework/zii/widgets/CDetailView.php(198): value()
#7 /var/www/yii-1.1.1.r1907/framework/web/CBaseController.php(161): CDetailView->run()
#8 /var/www/yiithemes/protected/views/theme/view.php(31): ThemeController->widget()
#9 /var/www/yii-1.1.1.r1907/framework/web/CBaseController.php(119): require()
#10 /var/www/yii-1.1.1.r1907/framework/web/CBaseController.php(88): ThemeController->renderInternal()
#11 /var/www/yii-1.1.1.r1907/framework/web/CController.php(742): ThemeController->renderFile()
#12 /var/www/yii-1.1.1.r1907/framework/web/CController.php(681): ThemeController->renderPartial()
#13 /var/www/yiithemes/protected/controllers/ThemeController.php(59): ThemeController->render()
#14 /var/www/yii-1.1.1.r1907/framework/web/actions/CInlineAction.php(32): ThemeController->actionView()
#15 /var/www/yii-1.1.1.r1907/framework/web/CController.php(300): CInlineAction->run()
#16 /var/www/yii-1.1.1.r1907/framework/web/filters/CFilterChain.php(129): ThemeController->runAction()
#17 /var/www/yii-1.1.1.r1907/framework/web/filters/CFilter.php(41): CFilterChain->run()
#18 /var/www/yii-1.1.1.r1907/framework/web/CController.php(993): CAccessControlFilter->filter()
#19 /var/www/yii-1.1.1.r1907/framework/web/filters/CInlineFilter.php(59): ThemeController->filterAccessControl()
#20 /var/www/yii-1.1.1.r1907/framework/web/filters/CFilterChain.php(126): CInlineFilter->filter()
#21 /var/www/yii-1.1.1.r1907/framework/web/CController.php(283): CFilterChain->run()
#22 /var/www/yii-1.1.1.r1907/framework/web/CController.php(257): ThemeController->runActionWithFilters()
#23 /var/www/yii-1.1.1.r1907/framework/web/CWebApplication.php(320): ThemeController->run()
#24 /var/www/yii-1.1.1.r1907/framework/web/CWebApplication.php(120): CWebApplication->runController()
#25 /var/www/yii-1.1.1.r1907/framework/base/CApplication.php(135): CWebApplication->processRequest()
#26 /var/www/yiithemes/index.php(12): CWebApplication->run()
REQUEST_URI=/index.php?r=theme/view&id=1
in /var/www/yii-1.1.1.r1907/framework/zii/widgets/CDetailView.php (198)
in /var/www/yiithemes/protected/views/theme/view.php (31)
in /var/www/yiithemes/protected/controllers/ThemeController.php (59)
2010/04/01 21:04:26 [warning] [application] Failed to set unsafe attribute "long_desc".
in /var/www/yiithemes/protected/controllers/ThemeController.php (98)
in /var/www/yiithemes/index.php (12)
2010/04/01 21:15:17 [error] [exception.CException] exception 'CException' with message 'The attribute must be specified in the format of "Name:Type:Label", where "Type" and "Label" are optional.' in /var/www/yii-1.1.1.r1907/framework/zii/widgets/CDetailView.php:172
Stack trace:
#0 /var/www/yii-1.1.1.r1907/framework/web/CBaseController.php(161): CDetailView->run()
#1 /var/www/yiithemes/protected/views/theme/view.php(31): CBaseController->widget('zii.widgets.CDe...', Array)
#2 /var/www/yii-1.1.1.r1907/framework/web/CBaseController.php(119): require('/var/www/yiithe...')
#3 /var/www/yii-1.1.1.r1907/framework/web/CBaseController.php(88): CBaseController->renderInternal('/var/www/yiithe...', Array, true)
#4 /var/www/yii-1.1.1.r1907/framework/web/CController.php(742): CBaseController->renderFile('/var/www/yiithe...', Array, true)
#5 /var/www/yii-1.1.1.r1907/framework/web/CController.php(681): CController->renderPartial('view', Array, true)
#6 /var/www/yiithemes/protected/controllers/ThemeController.php(59): CController->render('view', Array)
#7 /var/www/yii-1.1.1.r1907/framework/web/actions/CInlineAction.php(32): ThemeController->actionView()
#8 /var/www/yii-1.1.1.r1907/framework/web/CController.php(300): CInlineAction->run()
#9 /var/www/yii-1.1.1.r1907/framework/web/filters/CFilterChain.php(129): CController->runAction(Object(CInlineAction))
#10 /var/www/yii-1.1.1.r1907/framework/web/filters/CFilter.php(41): CFilterChain->run()
#11 /var/www/yii-1.1.1.r1907/framework/web/CController.php(993): CFilter->filter(Object(CFilterChain))
#12 /var/www/yii-1.1.1.r1907/framework/web/filters/CInlineFilter.php(59): CController->filterAccessControl(Object(CFilterChain))
#13 /var/www/yii-1.1.1.r1907/framework/web/filters/CFilterChain.php(126): CInlineFilter->filter(Object(CFilterChain))
#14 /var/www/yii-1.1.1.r1907/framework/web/CController.php(283): CFilterChain->run()
#15 /var/www/yii-1.1.1.r1907/framework/web/CController.php(257): CController->runActionWithFilters(Object(CInlineAction), Array)
#16 /var/www/yii-1.1.1.r1907/framework/web/CWebApplication.php(320): CController->run('view')
#17 /var/www/yii-1.1.1.r1907/framework/web/CWebApplication.php(120): CWebApplication->runController('theme/view')
#18 /var/www/yii-1.1.1.r1907/framework/base/CApplication.php(135): CWebApplication->processRequest()
#19 /var/www/yiithemes/index.php(12): CApplication->run()
#20 {main} REQUEST_URI=/index.php?r=theme/view&id=1
2010/04/01 21:15:30 [error] [php] include(Users.php) [<a href='function.include'>function.include</a>]: failed to open stream: No such file or directory (/var/www/yii-1.1.1.r1907/framework/YiiBase.php:338)
Stack trace:
#0 /var/www/yii-1.1.1.r1907/framework/db/ar/CActiveRecord.php(327): spl_autoload_call()
#1 /var/www/yii-1.1.1.r1907/framework/db/ar/CActiveFinder.php(257): model()
#2 /var/www/yii-1.1.1.r1907/framework/db/ar/CActiveFinder.php(51): CActiveFinder->buildJoinTree()
#3 /var/www/yii-1.1.1.r1907/framework/db/ar/CActiveRecord.php(236): CActiveFinder->__construct()
#4 /var/www/yii-1.1.1.r1907/framework/db/ar/CActiveRecord.php(105): Theme->getRelated()
#5 /var/www/yii-1.1.1.r1907/framework/web/helpers/CHtml.php(1591): Theme->__get()
#6 /var/www/yii-1.1.1.r1907/framework/zii/widgets/CDetailView.php(198): value()
#7 /var/www/yii-1.1.1.r1907/framework/web/CBaseController.php(161): CDetailView->run()
#8 /var/www/yiithemes/protected/views/theme/view.php(31): ThemeController->widget()
#9 /var/www/yii-1.1.1.r1907/framework/web/CBaseController.php(119): require()
#10 /var/www/yii-1.1.1.r1907/framework/web/CBaseController.php(88): ThemeController->renderInternal()
#11 /var/www/yii-1.1.1.r1907/framework/web/CController.php(742): ThemeController->renderFile()
#12 /var/www/yii-1.1.1.r1907/framework/web/CController.php(681): ThemeController->renderPartial()
#13 /var/www/yiithemes/protected/controllers/ThemeController.php(59): ThemeController->render()
#14 /var/www/yii-1.1.1.r1907/framework/web/actions/CInlineAction.php(32): ThemeController->actionView()
#15 /var/www/yii-1.1.1.r1907/framework/web/CController.php(300): CInlineAction->run()
#16 /var/www/yii-1.1.1.r1907/framework/web/filters/CFilterChain.php(129): ThemeController->runAction()
#17 /var/www/yii-1.1.1.r1907/framework/web/filters/CFilter.php(41): CFilterChain->run()
#18 /var/www/yii-1.1.1.r1907/framework/web/CController.php(993): CAccessControlFilter->filter()
#19 /var/www/yii-1.1.1.r1907/framework/web/filters/CInlineFilter.php(59): ThemeController->filterAccessControl()
#20 /var/www/yii-1.1.1.r1907/framework/web/filters/CFilterChain.php(126): CInlineFilter->filter()
#21 /var/www/yii-1.1.1.r1907/framework/web/CController.php(283): CFilterChain->run()
#22 /var/www/yii-1.1.1.r1907/framework/web/CController.php(257): ThemeController->runActionWithFilters()
#23 /var/www/yii-1.1.1.r1907/framework/web/CWebApplication.php(320): ThemeController->run()
#24 /var/www/yii-1.1.1.r1907/framework/web/CWebApplication.php(120): CWebApplication->runController()
#25 /var/www/yii-1.1.1.r1907/framework/base/CApplication.php(135): CWebApplication->processRequest()
#26 /var/www/yiithemes/index.php(12): CWebApplication->run()
REQUEST_URI=/index.php?r=theme/view&id=1
in /var/www/yii-1.1.1.r1907/framework/zii/widgets/CDetailView.php (198)
in /var/www/yiithemes/protected/views/theme/view.php (31)
in /var/www/yiithemes/protected/controllers/ThemeController.php (59)
2010/04/01 21:16:05 [error] [exception.CException] exception 'CException' with message 'The attribute must be specified in the format of "Name:Type:Label", where "Type" and "Label" are optional.' in /var/www/yii-1.1.1.r1907/framework/zii/widgets/CDetailView.php:172
Stack trace:
#0 /var/www/yii-1.1.1.r1907/framework/web/CBaseController.php(161): CDetailView->run()
#1 /var/www/yiithemes/protected/views/theme/view.php(31): CBaseController->widget('zii.widgets.CDe...', Array)
#2 /var/www/yii-1.1.1.r1907/framework/web/CBaseController.php(119): require('/var/www/yiithe...')
#3 /var/www/yii-1.1.1.r1907/framework/web/CBaseController.php(88): CBaseController->renderInternal('/var/www/yiithe...', Array, true)
#4 /var/www/yii-1.1.1.r1907/framework/web/CController.php(742): CBaseController->renderFile('/var/www/yiithe...', Array, true)
#5 /var/www/yii-1.1.1.r1907/framework/web/CController.php(681): CController->renderPartial('view', Array, true)
#6 /var/www/yiithemes/protected/controllers/ThemeController.php(59): CController->render('view', Array)
#7 /var/www/yii-1.1.1.r1907/framework/web/actions/CInlineAction.php(32): ThemeController->actionView()
#8 /var/www/yii-1.1.1.r1907/framework/web/CController.php(300): CInlineAction->run()
#9 /var/www/yii-1.1.1.r1907/framework/web/filters/CFilterChain.php(129): CController->runAction(Object(CInlineAction))
#10 /var/www/yii-1.1.1.r1907/framework/web/filters/CFilter.php(41): CFilterChain->run()
#11 /var/www/yii-1.1.1.r1907/framework/web/CController.php(993): CFilter->filter(Object(CFilterChain))
#12 /var/www/yii-1.1.1.r1907/framework/web/filters/CInlineFilter.php(59): CController->filterAccessControl(Object(CFilterChain))
#13 /var/www/yii-1.1.1.r1907/framework/web/filters/CFilterChain.php(126): CInlineFilter->filter(Object(CFilterChain))
#14 /var/www/yii-1.1.1.r1907/framework/web/CController.php(283): CFilterChain->run()
#15 /var/www/yii-1.1.1.r1907/framework/web/CController.php(257): CController->runActionWithFilters(Object(CInlineAction), Array)
#16 /var/www/yii-1.1.1.r1907/framework/web/CWebApplication.php(320): CController->run('view')
#17 /var/www/yii-1.1.1.r1907/framework/web/CWebApplication.php(120): CWebApplication->runController('theme/view')
#18 /var/www/yii-1.1.1.r1907/framework/base/CApplication.php(135): CWebApplication->processRequest()
#19 /var/www/yiithemes/index.php(12): CApplication->run()
#20 {main} REQUEST_URI=/index.php?r=theme/view&id=1
2010/04/01 21:43:25 [error] [exception.CException] exception 'CException' with message 'Property "User.name" is not defined.' in /var/www/yii-1.1.1.r1907/framework/base/CComponent.php:131
Stack trace:
#0 /var/www/yii-1.1.1.r1907/framework/db/ar/CActiveRecord.php(107): CComponent->__get('name')
#1 /var/www/yiithemes/protected/views/theme/view.php(17): CActiveRecord->__get('name')
#2 /var/www/yii-1.1.1.r1907/framework/web/CBaseController.php(119): require('/var/www/yiithe...')
#3 /var/www/yii-1.1.1.r1907/framework/web/CBaseController.php(88): CBaseController->renderInternal('/var/www/yiithe...', Array, true)
#4 /var/www/yii-1.1.1.r1907/framework/web/CController.php(742): CBaseController->renderFile('/var/www/yiithe...', Array, true)
#5 /var/www/yii-1.1.1.r1907/framework/web/CController.php(681): CController->renderPartial('view', Array, true)
#6 /var/www/yiithemes/protected/controllers/ThemeController.php(59): CController->render('view', Array)
#7 /var/www/yii-1.1.1.r1907/framework/web/actions/CInlineAction.php(32): ThemeController->actionView()
#8 /var/www/yii-1.1.1.r1907/framework/web/CController.php(300): CInlineAction->run()
#9 /var/www/yii-1.1.1.r1907/framework/web/filters/CFilterChain.php(129): CController->runAction(Object(CInlineAction))
#10 /var/www/yii-1.1.1.r1907/framework/web/filters/CFilter.php(41): CFilterChain->run()
#11 /var/www/yii-1.1.1.r1907/framework/web/CController.php(993): CFilter->filter(Object(CFilterChain))
#12 /var/www/yii-1.1.1.r1907/framework/web/filters/CInlineFilter.php(59): CController->filterAccessControl(Object(CFilterChain))
#13 /var/www/yii-1.1.1.r1907/framework/web/filters/CFilterChain.php(126): CInlineFilter->filter(Object(CFilterChain))
#14 /var/www/yii-1.1.1.r1907/framework/web/CController.php(283): CFilterChain->run()
#15 /var/www/yii-1.1.1.r1907/framework/web/CController.php(257): CController->runActionWithFilters(Object(CInlineAction), Array)
#16 /var/www/yii-1.1.1.r1907/framework/web/CWebApplication.php(320): CController->run('view')
#17 /var/www/yii-1.1.1.r1907/framework/web/CWebApplication.php(120): CWebApplication->runController('theme/view')
#18 /var/www/yii-1.1.1.r1907/framework/base/CApplication.php(135): CWebApplication->processRequest()
#19 /var/www/yiithemes/index.php(12): CApplication->run()
#20 {main} REQUEST_URI=/index.php?r=theme/view&id=1
2010/04/01 21:52:21 [error] [exception.CException] exception 'CException' with message 'Property "Theme.short_description" is not defined.' in /var/www/yii-1.1.1.r1907/framework/base/CComponent.php:131
Stack trace:
#0 /var/www/yii-1.1.1.r1907/framework/db/ar/CActiveRecord.php(107): CComponent->__get('short_descripti...')
#1 /var/www/yiithemes/protected/views/theme/view.php(20): CActiveRecord->__get('short_descripti...')
#2 /var/www/yii-1.1.1.r1907/framework/web/CBaseController.php(119): require('/var/www/yiithe...')
#3 /var/www/yii-1.1.1.r1907/framework/web/CBaseController.php(88): CBaseController->renderInternal('/var/www/yiithe...', Array, true)
#4 /var/www/yii-1.1.1.r1907/framework/web/CController.php(742): CBaseController->renderFile('/var/www/yiithe...', Array, true)
#5 /var/www/yii-1.1.1.r1907/framework/web/CController.php(681): CController->renderPartial('view', Array, true)
#6 /var/www/yiithemes/protected/controllers/ThemeController.php(59): CController->render('view', Array)
#7 /var/www/yii-1.1.1.r1907/framework/web/actions/CInlineAction.php(32): ThemeController->actionView()
#8 /var/www/yii-1.1.1.r1907/framework/web/CController.php(300): CInlineAction->run()
#9 /var/www/yii-1.1.1.r1907/framework/web/filters/CFilterChain.php(129): CController->runAction(Object(CInlineAction))
#10 /var/www/yii-1.1.1.r1907/framework/web/filters/CFilter.php(41): CFilterChain->run()
#11 /var/www/yii-1.1.1.r1907/framework/web/CController.php(993): CFilter->filter(Object(CFilterChain))
#12 /var/www/yii-1.1.1.r1907/framework/web/filters/CInlineFilter.php(59): CController->filterAccessControl(Object(CFilterChain))
#13 /var/www/yii-1.1.1.r1907/framework/web/filters/CFilterChain.php(126): CInlineFilter->filter(Object(CFilterChain))
#14 /var/www/yii-1.1.1.r1907/framework/web/CController.php(283): CFilterChain->run()
#15 /var/www/yii-1.1.1.r1907/framework/web/CController.php(257): CController->runActionWithFilters(Object(CInlineAction), Array)
#16 /var/www/yii-1.1.1.r1907/framework/web/CWebApplication.php(320): CController->run('view')
#17 /var/www/yii-1.1.1.r1907/framework/web/CWebApplication.php(120): CWebApplication->runController('theme/view')
#18 /var/www/yii-1.1.1.r1907/framework/base/CApplication.php(135): CWebApplication->processRequest()
#19 /var/www/yiithemes/index.php(12): CApplication->run()
#20 {main} REQUEST_URI=/index.php?r=theme/view&id=1
2010/04/01 21:55:18 [warning] [application] Failed to set unsafe attribute "long_desc".
in /var/www/yiithemes/protected/controllers/ThemeController.php (98)
in /var/www/yiithemes/index.php (12)
2010/04/01 22:29:27 [error] [exception.CHttpException.404] exception 'CHttpException' with message 'The requested view "index" was not found.' in /var/www/yii-1.1.1.r1907/framework/web/actions/CViewAction.php:110
Stack trace:
#0 /var/www/yii-1.1.1.r1907/framework/web/actions/CViewAction.php(121): CViewAction->resolveView('index')
#1 /var/www/yii-1.1.1.r1907/framework/web/CController.php(300): CViewAction->run()
#2 /var/www/yii-1.1.1.r1907/framework/web/CController.php(278): CController->runAction(Object(CViewAction))
#3 /var/www/yii-1.1.1.r1907/framework/web/CController.php(257): CController->runActionWithFilters(Object(CViewAction), Array)
#4 /var/www/yii-1.1.1.r1907/framework/web/CWebApplication.php(320): CController->run('page')
#5 /var/www/yii-1.1.1.r1907/framework/web/CWebApplication.php(120): CWebApplication->runController('site/page')
#6 /var/www/yii-1.1.1.r1907/framework/base/CApplication.php(135): CWebApplication->processRequest()
#7 /var/www/yiithemes/index.php(12): CApplication->run()
#8 {main} REQUEST_URI=/index.php?r=site/page
2010/04/01 22:35:07 [warning] [application] Failed to set unsafe attribute "long_desc".
in /var/www/yiithemes/protected/controllers/ThemeController.php (98)
in /var/www/yiithemes/index.php (12)
2010/04/01 22:35:20 [warning] [application] Failed to set unsafe attribute "long_desc".
in /var/www/yiithemes/protected/controllers/ThemeController.php (98)
in /var/www/yiithemes/index.php (12)
2010/04/01 22:36:00 [warning] [application] Failed to set unsafe attribute "long_desc".
in /var/www/yiithemes/protected/controllers/ThemeController.php (98)
in /var/www/yiithemes/index.php (12)
2010/04/01 22:40:18 [warning] [application] Failed to set unsafe attribute "long_desc".
in /var/www/yiithemes/protected/controllers/ThemeController.php (98)
in /var/www/yiithemes/index.php (12)
2010/04/02 23:36:55 [error] [exception.CException] exception 'CException' with message 'Property "Theme.title" is not defined.' in /var/www/yii-1.1.1.r1907/framework/base/CComponent.php:131
Stack trace:
#0 /var/www/yii-1.1.1.r1907/framework/db/ar/CActiveRecord.php(107): CComponent->__get('title')
#1 /var/www/yiithemes/protected/views/site/index.php(25): CActiveRecord->__get('title')
#2 /var/www/yii-1.1.1.r1907/framework/web/CBaseController.php(119): require('/var/www/yiithe...')
#3 /var/www/yii-1.1.1.r1907/framework/web/CBaseController.php(88): CBaseController->renderInternal('/var/www/yiithe...', NULL, true)
#4 /var/www/yii-1.1.1.r1907/framework/web/CController.php(742): CBaseController->renderFile('/var/www/yiithe...', NULL, true)
#5 /var/www/yii-1.1.1.r1907/framework/web/CController.php(681): CController->renderPartial('index', NULL, true)
#6 /var/www/yiithemes/protected/controllers/SiteController.php(32): CController->render('index')
#7 /var/www/yii-1.1.1.r1907/framework/web/actions/CInlineAction.php(32): SiteController->actionIndex()
#8 /var/www/yii-1.1.1.r1907/framework/web/CController.php(300): CInlineAction->run()
#9 /var/www/yii-1.1.1.r1907/framework/web/CController.php(278): CController->runAction(Object(CInlineAction))
#10 /var/www/yii-1.1.1.r1907/framework/web/CController.php(257): CController->runActionWithFilters(Object(CInlineAction), Array)
#11 /var/www/yii-1.1.1.r1907/framework/web/CWebApplication.php(320): CController->run('index')
#12 /var/www/yii-1.1.1.r1907/framework/web/CWebApplication.php(120): CWebApplication->runController('site/index')
#13 /var/www/yii-1.1.1.r1907/framework/base/CApplication.php(135): CWebApplication->processRequest()
#14 /var/www/yiithemes/index.php(12): CApplication->run()
#15 {main} REQUEST_URI=/index.php?r=site/index
2010/04/04 00:08:27 [error] [exception.CHttpException.404] exception 'CHttpException' with message 'The system is unable to find the requested action "edit".' in /var/www/yii-1.1.1.r1907/framework/web/CController.php:439
Stack trace:
#0 /var/www/yii-1.1.1.r1907/framework/web/CController.php(262): CController->missingAction('edit')
#1 /var/www/yii-1.1.1.r1907/framework/web/CWebApplication.php(320): CController->run('edit')
#2 /var/www/yii-1.1.1.r1907/framework/web/CWebApplication.php(120): CWebApplication->runController('theme/edit')
#3 /var/www/yii-1.1.1.r1907/framework/base/CApplication.php(135): CWebApplication->processRequest()
#4 /var/www/yiithemes/index.php(12): CApplication->run()
#5 {main} REQUEST_URI=/index.php?r=theme/edit&id=1
2010/04/06 21:49:04 [error] [exception.CDbException] exception 'CDbException' with message 'CDbConnection failed to open the DB connection: invalid data source name' in /var/www/yii-1.1.1.r1907/framework/db/CDbConnection.php:267
Stack trace:
#0 /var/www/yii-1.1.1.r1907/framework/db/CDbConnection.php(242): CDbConnection->open()
#1 /var/www/yii-1.1.1.r1907/framework/db/CDbConnection.php(221): CDbConnection->setActive(true)
#2 /var/www/yii-1.1.1.r1907/framework/base/CModule.php(352): CDbConnection->init()
#3 /var/www/yii-1.1.1.r1907/framework/base/CApplication.php(391): CModule->getComponent('db')
#4 /var/www/yii-1.1.1.r1907/framework/db/ar/CActiveRecord.php(527): CApplication->getDb()
#5 /var/www/yii-1.1.1.r1907/framework/db/ar/CActiveRecord.php(1951): CActiveRecord->getDbConnection()
#6 /var/www/yii-1.1.1.r1907/framework/db/ar/CActiveRecord.php(329): CActiveRecordMetaData->__construct(Object(Theme))
#7 /var/www/YiiThemes/protected/models/Theme.php(24): CActiveRecord::model('Theme')
#8 /var/www/YiiThemes/protected/views/site/index.php(24): Theme::model()
#9 /var/www/yii-1.1.1.r1907/framework/web/CBaseController.php(119): require('/var/www/YiiThe...')
#10 /var/www/yii-1.1.1.r1907/framework/web/CBaseController.php(88): CBaseController->renderInternal('/var/www/YiiThe...', NULL, true)
#11 /var/www/yii-1.1.1.r1907/framework/web/CController.php(742): CBaseController->renderFile('/var/www/YiiThe...', NULL, true)
#12 /var/www/yii-1.1.1.r1907/framework/web/CController.php(681): CController->renderPartial('index', NULL, true)
#13 /var/www/YiiThemes/protected/controllers/SiteController.php(32): CController->render('index')
#14 /var/www/yii-1.1.1.r1907/framework/web/actions/CInlineAction.php(32): SiteController->actionIndex()
#15 /var/www/yii-1.1.1.r1907/framework/web/CController.php(300): CInlineAction->run()
#16 /var/www/yii-1.1.1.r1907/framework/web/CController.php(278): CController->runAction(Object(CInlineAction))
#17 /var/www/yii-1.1.1.r1907/framework/web/CController.php(257): CController->runActionWithFilters(Object(CInlineAction), Array)
#18 /var/www/yii-1.1.1.r1907/framework/web/CWebApplication.php(320): CController->run('')
#19 /var/www/yii-1.1.1.r1907/framework/web/CWebApplication.php(120): CWebApplication->runController('')
#20 /var/www/yii-1.1.1.r1907/framework/base/CApplication.php(135): CWebApplication->processRequest()
#21 /var/www/YiiThemes/index.php(22): CApplication->run()
#22 {main} REQUEST_URI=/
2010/04/06 21:49:37 [error] [exception.CDbException] exception 'CDbException' with message 'CDbConnection failed to open the DB connection: invalid data source name' in /var/www/yii-1.1.1.r1907/framework/db/CDbConnection.php:267
Stack trace:
#0 /var/www/yii-1.1.1.r1907/framework/db/CDbConnection.php(242): CDbConnection->open()
#1 /var/www/yii-1.1.1.r1907/framework/db/CDbConnection.php(221): CDbConnection->setActive(true)
#2 /var/www/yii-1.1.1.r1907/framework/base/CModule.php(352): CDbConnection->init()
#3 /var/www/yii-1.1.1.r1907/framework/base/CApplication.php(391): CModule->getComponent('db')
#4 /var/www/yii-1.1.1.r1907/framework/db/ar/CActiveRecord.php(527): CApplication->getDb()
#5 /var/www/yii-1.1.1.r1907/framework/db/ar/CActiveRecord.php(1951): CActiveRecord->getDbConnection()
#6 /var/www/yii-1.1.1.r1907/framework/db/ar/CActiveRecord.php(329): CActiveRecordMetaData->__construct(Object(Theme))
#7 /var/www/YiiThemes/protected/models/Theme.php(24): CActiveRecord::model('Theme')
#8 /var/www/YiiThemes/protected/views/site/index.php(24): Theme::model()
#9 /var/www/yii-1.1.1.r1907/framework/web/CBaseController.php(119): require('/var/www/YiiThe...')
#10 /var/www/yii-1.1.1.r1907/framework/web/CBaseController.php(88): CBaseController->renderInternal('/var/www/YiiThe...', NULL, true)
#11 /var/www/yii-1.1.1.r1907/framework/web/CController.php(742): CBaseController->renderFile('/var/www/YiiThe...', NULL, true)
#12 /var/www/yii-1.1.1.r1907/framework/web/CController.php(681): CController->renderPartial('index', NULL, true)
#13 /var/www/YiiThemes/protected/controllers/SiteController.php(32): CController->render('index')
#14 /var/www/yii-1.1.1.r1907/framework/web/actions/CInlineAction.php(32): SiteController->actionIndex()
#15 /var/www/yii-1.1.1.r1907/framework/web/CController.php(300): CInlineAction->run()
#16 /var/www/yii-1.1.1.r1907/framework/web/CController.php(278): CController->runAction(Object(CInlineAction))
#17 /var/www/yii-1.1.1.r1907/framework/web/CController.php(257): CController->runActionWithFilters(Object(CInlineAction), Array)
#18 /var/www/yii-1.1.1.r1907/framework/web/CWebApplication.php(320): CController->run('')
#19 /var/www/yii-1.1.1.r1907/framework/web/CWebApplication.php(120): CWebApplication->runController('')
#20 /var/www/yii-1.1.1.r1907/framework/base/CApplication.php(135): CWebApplication->processRequest()
#21 /var/www/YiiThemes/index.php(22): CApplication->run()
#22 {main} REQUEST_URI=/
2010/04/06 21:54:07 [error] [exception.CDbException] exception 'CDbException' with message 'CDbConnection failed to open the DB connection: SQLSTATE[28000] [1045] Access denied for user 'databaseuser'@'localhost' (using password: YES)' in /var/www/yii-1.1.1.r1907/framework/db/CDbConnection.php:267
Stack trace:
#0 /var/www/yii-1.1.1.r1907/framework/db/CDbConnection.php(242): CDbConnection->open()
#1 /var/www/yii-1.1.1.r1907/framework/db/CDbConnection.php(221): CDbConnection->setActive(true)
#2 /var/www/yii-1.1.1.r1907/framework/base/CModule.php(352): CDbConnection->init()
#3 /var/www/yii-1.1.1.r1907/framework/base/CApplication.php(391): CModule->getComponent('db')
#4 /var/www/yii-1.1.1.r1907/framework/db/ar/CActiveRecord.php(527): CApplication->getDb()
#5 /var/www/yii-1.1.1.r1907/framework/db/ar/CActiveRecord.php(1951): CActiveRecord->getDbConnection()
#6 /var/www/yii-1.1.1.r1907/framework/db/ar/CActiveRecord.php(329): CActiveRecordMetaData->__construct(Object(Theme))
#7 /var/www/YiiThemes/protected/models/Theme.php(24): CActiveRecord::model('Theme')
#8 /var/www/YiiThemes/protected/views/site/index.php(24): Theme::model()
#9 /var/www/yii-1.1.1.r1907/framework/web/CBaseController.php(119): require('/var/www/YiiThe...')
#10 /var/www/yii-1.1.1.r1907/framework/web/CBaseController.php(88): CBaseController->renderInternal('/var/www/YiiThe...', NULL, true)
#11 /var/www/yii-1.1.1.r1907/framework/web/CController.php(742): CBaseController->renderFile('/var/www/YiiThe...', NULL, true)
#12 /var/www/yii-1.1.1.r1907/framework/web/CController.php(681): CController->renderPartial('index', NULL, true)
#13 /var/www/YiiThemes/protected/controllers/SiteController.php(32): CController->render('index')
#14 /var/www/yii-1.1.1.r1907/framework/web/actions/CInlineAction.php(32): SiteController->actionIndex()
#15 /var/www/yii-1.1.1.r1907/framework/web/CController.php(300): CInlineAction->run()
#16 /var/www/yii-1.1.1.r1907/framework/web/CController.php(278): CController->runAction(Object(CInlineAction))
#17 /var/www/yii-1.1.1.r1907/framework/web/CController.php(257): CController->runActionWithFilters(Object(CInlineAction), Array)
#18 /var/www/yii-1.1.1.r1907/framework/web/CWebApplication.php(320): CController->run('')
#19 /var/www/yii-1.1.1.r1907/framework/web/CWebApplication.php(120): CWebApplication->runController('')
#20 /var/www/yii-1.1.1.r1907/framework/base/CApplication.php(135): CWebApplication->processRequest()
#21 /var/www/YiiThemes/index.php(24): CApplication->run()
#22 {main} REQUEST_URI=/
